<?xml version="1.0" encoding="UTF-8"?>
<!-- Generated by org.testng.reporters.JUnitReportReporter -->
<testsuite hostname="Rimas-MacBook-Pro.local" failures="0" tests="1" name="testcases.BankManagerLoginTest" time="0.150" errors="0" timestamp="05 Mar 2024 19:43:22 GMT" skipped="0">
  <testcase classname="testcases.BankManagerLoginTest" name="clickOnBMLBtn" time="0.150"/>
</testsuite> <!-- testcases.BankManagerLoginTest -->
