<?xml version="1.0" encoding="UTF-8"?>
<!-- Generated by org.testng.reporters.JUnitReportReporter -->
<testsuite hostname="Rimas-MacBook-Pro.local" failures="0" tests="4" name="testcases.AddCustomerTest" time="1.669" errors="0" timestamp="09 Mar 2024 00:38:06 GMT" skipped="0">
  <testcase classname="testcases.AddCustomerTest" name="addCustomer" time="0.305"/>
  <testcase classname="testcases.AddCustomerTest" name="addCustomer" time="0.300"/>
  <testcase classname="testcases.AddCustomerTest" name="addCustomer" time="0.723"/>
  <testcase classname="testcases.AddCustomerTest" name="addCustomer" time="0.341"/>
</testsuite> <!-- testcases.AddCustomerTest -->
