<?xml version="1.0" encoding="UTF-8"?>
<!-- Generated by org.testng.reporters.JUnitReportReporter -->
<testsuite hostname="Rimas-MacBook-Pro.local" failures="0" tests="4" name="testcases.AddCustomerTest" time="1.730" errors="0" timestamp="09 Mar 2024 23:02:40 GMT" skipped="0">
  <testcase classname="testcases.AddCustomerTest" name="addCustomer" time="0.336"/>
  <testcase classname="testcases.AddCustomerTest" name="addCustomer" time="0.708"/>
  <testcase classname="testcases.AddCustomerTest" name="addCustomer" time="0.345"/>
  <testcase classname="testcases.AddCustomerTest" name="addCustomer" time="0.341"/>
</testsuite> <!-- testcases.AddCustomerTest -->
