<?xml version="1.0" encoding="UTF-8"?>
<!-- Generated by org.testng.reporters.JUnitReportReporter -->
<testsuite hostname="Rimas-MacBook-Pro.local" failures="0" tests="4" name="testcases.AddCustomerTest" time="13.640" errors="0" timestamp="05 Mar 2024 19:43:22 GMT" skipped="0">
  <testcase classname="testcases.AddCustomerTest" name="addCustomer" time="3.235"/>
  <testcase classname="testcases.AddCustomerTest" name="addCustomer" time="3.890"/>
  <testcase classname="testcases.AddCustomerTest" name="addCustomer" time="3.253"/>
  <testcase classname="testcases.AddCustomerTest" name="addCustomer" time="3.262"/>
</testsuite> <!-- testcases.AddCustomerTest -->
