<?xml version="1.0" encoding="UTF-8"?>
<!-- Generated by org.testng.reporters.JUnitReportReporter -->
<testsuite hostname="Rimas-MacBook-Pro.local" failures="0" tests="4" name="testcases.OpenAccountTest" time="25.244" errors="0" timestamp="09 Mar 2024 00:38:06 GMT" skipped="0">
  <testcase classname="testcases.OpenAccountTest" name="openAccount" time="6.211"/>
  <testcase classname="testcases.OpenAccountTest" name="openAccount" time="6.588"/>
  <testcase classname="testcases.OpenAccountTest" name="openAccount" time="6.219"/>
  <testcase classname="testcases.OpenAccountTest" name="openAccount" time="6.226"/>
</testsuite> <!-- testcases.OpenAccountTest -->
