<?xml version="1.0" encoding="UTF-8"?>
<!-- Generated by org.testng.reporters.JUnitReportReporter -->
<testsuite hostname="Rimas-MacBook-Pro.local" failures="0" tests="1" name="testcases.AddCustomerTest" time="1.188" errors="0" timestamp="03 Mar 2024 00:58:16 GMT" skipped="0">
  <testcase classname="testcases.AddCustomerTest" name="addCustomer" time="1.188"/>
</testsuite> <!-- testcases.AddCustomerTest -->
