<?xml version="1.0" encoding="UTF-8"?>
<!-- Generated by org.testng.reporters.JUnitReportReporter -->
<testsuite hostname="Rimas-MacBook-Pro.local" failures="0" tests="4" name="testcases.AddCustomerTest" time="1.986" errors="0" timestamp="09 Mar 2024 18:49:42 GMT" skipped="0">
  <testcase classname="testcases.AddCustomerTest" name="addCustomer" time="1.079"/>
  <testcase classname="testcases.AddCustomerTest" name="addCustomer" time="0.298"/>
  <testcase classname="testcases.AddCustomerTest" name="addCustomer" time="0.295"/>
  <testcase classname="testcases.AddCustomerTest" name="addCustomer" time="0.314"/>
</testsuite> <!-- testcases.AddCustomerTest -->
