<?xml version="1.0" encoding="UTF-8"?>
<!-- Generated by org.testng.reporters.JUnitReportReporter -->
<testsuite hostname="Rimas-MacBook-Pro.local" failures="0" tests="1" name="testcases.BankManagerLoginTest" time="0.411" errors="0" timestamp="03 Mar 2024 00:47:52 GMT" skipped="0">
  <testcase classname="testcases.BankManagerLoginTest" name="clickOnBMLBtn" time="0.411"/>
</testsuite> <!-- testcases.BankManagerLoginTest -->
