<?xml version="1.0" encoding="UTF-8"?>
<!-- Generated by org.testng.reporters.JUnitReportReporter -->
<testsuite hostname="Rimas-MacBook-Pro.local" failures="0" tests="4" name="testcases.AddCustomerTest" time="1.757" errors="0" timestamp="06 Mar 2024 02:26:18 GMT" skipped="0">
  <testcase classname="testcases.AddCustomerTest" name="addCustomer" time="0.341"/>
  <testcase classname="testcases.AddCustomerTest" name="addCustomer" time="0.289"/>
  <testcase classname="testcases.AddCustomerTest" name="addCustomer" time="0.810"/>
  <testcase classname="testcases.AddCustomerTest" name="addCustomer" time="0.317"/>
</testsuite> <!-- testcases.AddCustomerTest -->
