<?xml version="1.0" encoding="UTF-8"?>
<!-- Generated by org.testng.reporters.JUnitReportReporter -->
<testsuite hostname="Rimas-MacBook-Pro.local" failures="0" tests="1" name="testcases.BankManagerLoginTest" time="0.074" errors="0" timestamp="06 Mar 2024 02:26:18 GMT" skipped="0">
  <testcase classname="testcases.BankManagerLoginTest" name="clickOnBMLBtn" time="0.074"/>
</testsuite> <!-- testcases.BankManagerLoginTest -->
