<?xml version="1.0" encoding="UTF-8"?>
<!-- Generated by org.testng.reporters.JUnitReportReporter -->
<testsuite hostname="Rimas-MacBook-Pro.local" failures="0" tests="4" name="testcases.OpenAccountTest" time="1.457" errors="0" timestamp="09 Mar 2024 23:02:40 GMT" skipped="0">
  <testcase classname="testcases.OpenAccountTest" name="openAccount" time="0.277"/>
  <testcase classname="testcases.OpenAccountTest" name="openAccount" time="0.268"/>
  <testcase classname="testcases.OpenAccountTest" name="openAccount" time="0.629"/>
  <testcase classname="testcases.OpenAccountTest" name="openAccount" time="0.283"/>
</testsuite> <!-- testcases.OpenAccountTest -->
