<?xml version="1.0" encoding="UTF-8"?>
<!-- Generated by org.testng.reporters.JUnitReportReporter -->
<testsuite hostname="Rimas-MacBook-Pro.local" failures="0" tests="1" name="testcases.BankManagerLoginTest" time="2.539" errors="0" timestamp="09 Mar 2024 18:49:42 GMT" skipped="0">
  <testcase classname="testcases.BankManagerLoginTest" name="clickOnBMLBtn" time="2.539"/>
</testsuite> <!-- testcases.BankManagerLoginTest -->
